Started by user unknown or anonymous
[Wed Jul 14 06:10:28 UTC 2021] Starting branch indexing...
[8mha:////4GyOfktxb7p8ZL15VhskvRCdP8sXHByH5ahMNJbo6Q64AAAAhB+LCAAAAAAAAP9b85aBtbiIwSa/KF0vKzUvOzOvODlTryCnNB3I0kvPLMkoTYpPKkrMS86IL84vLUpO1XPPLPEoTXLOzyvOz0n1yy9JZYAARiYGRi8GzpLM3NTiksTcgooiBqmM0pTi/Dy9ZIhiPayaGCoKgHTV4sWhMgBte2TFjgAAAA==[0mConnecting to https://api.github.com with no credentials, anonymous access
Examining [8mha:////4JippRdUduxZIPp9Lzvc7WBLCGvw2CQRTYR30UsIkBhuAAAArB+LCAAAAAAAAP9b85aBtbiIQSajNKU4P08vOT+vOD8nVc+jsiC1KCczL9svvyTVzHb1RttJBUeZGJg8GdhyUvPSSzJ8GJhLi3JKGIR8shLLEvVzEvPS9YNLijLz0q0rihik0IxzhtAgwxgggJGJgaGiAMiQLWEwyCgpKSi20tdPzyzJKE0C6srVz8vMTUosys7Nz8gs0YWI65ekFhUlpuUX5QIAcTR7g7UAAAA=[0mnimbarkmohit-github/terraform

  Checking branches...

  Getting remote branches...

    Checking branch [8mha:////4PU/TCdccg8Brj3ZA03+mjsd1UtbYHC3SgHlrrijmE3bAAAAsh+LCAAAAAAAAP9djL0NwjAQhY/wMwAlYgXijgKUigakiIYJHDC2iX22zhcU1mANaBiCcdiBoHS85j190vueHxgngrlpTilgfgyYglP59hYVOYv1PrBaFo9XcY/vDLIdTJxCzaaEYUOOYVpe5FUKJ1GLA5NFvW4JZn+6Td8/GfQZZABt7MaIYWWYY1oJoS2bpupeXqD1laTaB2N50XPBikieA3nBpJTw0uIX2J/W8r8AAAA=[0mmain
      ‘Jenkinsfile’ found
    Met criteria
No changes detected: main (still at 523639d6cdde5ea9a53c98583cd7c2acb3c5f333)

    Checking branch [8mha:////4KaBOgr9P8TSJJpEQOAsdwzQZAoeIa8FLcx/UJIdmGzdAAAAsh+LCAAAAAAAAP9djLsNwkAQRBdbUAAhogV8GRIgRyQgWSRUcIbFd/h+2ltbpg3agIQiKIceMHLGJDN60rznB8aRYK6ac/QuO3kXvcFsdwtIRrv64BmX+eOV38M7gWQPE4OuYlVA2pBhmBZX2UphpKvEkUm7atMRzP5026F/MhgySgC60I+UYaWYQ1wLUWlWTdm/rHDalpJq65XmxcAFI5G8eLKCCVGcsf0CLOAaKL4AAAA=[0mdev
      ‘Jenkinsfile’ found
    Met criteria
No changes detected: dev (still at 15f1c8edeb995c1e96ad88676ad6218cb2f4c38d)

  2 branches were processed

  Checking pull-requests...

  Getting remote pull requests...

  0 pull requests were processed

Finished examining nimbarkmohit-github/terraform

[Wed Jul 14 06:10:28 UTC 2021] Finished branch indexing. Indexing took 0.56 sec
Finished: SUCCESS
